Command line invocation:
    /Applications/Xcode.app/Contents/Developer/usr/bin/xcodebuild -project moppe.xcodeproj -target moppe-ios -configuration Release -sdk iphonesimulator CODE_SIGNING_ALLOWED=NO build

User defaults from command line:
    IDEPackageSupportUseBuiltinSCM = YES

Build settings from command line:
    CODE_SIGNING_ALLOWED = NO
    SDKROOT = iphonesimulator18.1

ComputeTargetDependencyGraph
warning: Building targets in manual order is deprecated - check "Parallelize build for command-line builds" in the project editor, or set DISABLE_MANUAL_TARGET_ORDER_BUILD_WARNING in any of the targets in the current build to suppress this warning
note: Target dependency graph (8 targets)
    Target 'moppe-ios' in project 'moppe'
        ➜ Explicit dependency on target 'ZERO_CHECK' in project 'moppe'
        ➜ Explicit dependency on target 'moppe_render' in project 'moppe'
        ➜ Explicit dependency on target 'moppe_game' in project 'moppe'
        ➜ Explicit dependency on target 'moppe_metal' in project 'moppe'
        ➜ Explicit dependency on target 'moppe_apple' in project 'moppe'
        ➜ Explicit dependency on target 'moppe_platform_ios' in project 'moppe'
    Target 'moppe_platform_ios' in project 'moppe'
        ➜ Explicit dependency on target 'ZERO_CHECK' in project 'moppe'
        ➜ Explicit dependency on target 'moppe_render' in project 'moppe'
        ➜ Explicit dependency on target 'moppe_metal' in project 'moppe'
        ➜ Explicit dependency on target 'moppe_apple' in project 'moppe'
    Target 'moppe_apple' in project 'moppe'
        ➜ Explicit dependency on target 'ZERO_CHECK' in project 'moppe'
    Target 'moppe_metal' in project 'moppe'
        ➜ Explicit dependency on target 'ZERO_CHECK' in project 'moppe'
        ➜ Explicit dependency on target 'moppe_shaders' in project 'moppe'
        ➜ Explicit dependency on target 'moppe_render' in project 'moppe'
    Target 'moppe_shaders' in project 'moppe'
        ➜ Explicit dependency on target 'ZERO_CHECK' in project 'moppe'
    Target 'moppe_game' in project 'moppe'
        ➜ Explicit dependency on target 'ZERO_CHECK' in project 'moppe'
        ➜ Explicit dependency on target 'moppe_render' in project 'moppe'
    Target 'moppe_render' in project 'moppe'
        ➜ Explicit dependency on target 'ZERO_CHECK' in project 'moppe'
    Target 'ZERO_CHECK' in project 'moppe' (no dependencies)

GatherProvisioningInputs

CreateBuildDescription

ExecuteExternalTool /Applications/Xcode.app/Contents/Developer/Toolchains/XcodeDefault.xctoolchain/usr/bin/clang -v -E -dM -arch arm64 -isysroot /Applications/Xcode.app/Contents/Developer/Platforms/iPhoneSimulator.platform/Developer/SDKs/iPhoneSimulator18.1.sdk -x c++ -c /dev/null

ExecuteExternalTool /Applications/Xcode.app/Contents/Developer/Toolchains/XcodeDefault.xctoolchain/usr/bin/clang -v -E -dM -arch arm64 -isysroot /Applications/Xcode.app/Contents/Developer/Platforms/iPhoneSimulator.platform/Developer/SDKs/iPhoneSimulator18.1.sdk -x objective-c++ -c /dev/null

ExecuteExternalTool /Applications/Xcode.app/Contents/Developer/Toolchains/XcodeDefault.xctoolchain/usr/bin/clang -v -E -dM -isysroot /Applications/Xcode.app/Contents/Developer/Platforms/iPhoneSimulator.platform/Developer/SDKs/iPhoneSimulator18.1.sdk -x c -c /dev/null

ExecuteExternalTool /Applications/Xcode.app/Contents/Developer/Toolchains/XcodeDefault.xctoolchain/usr/bin/libtool -V

ExecuteExternalTool /Applications/Xcode.app/Contents/Developer/Toolchains/XcodeDefault.xctoolchain/usr/bin/ld -version_details

ExecuteExternalTool /Applications/Xcode.app/Contents/Developer/Toolchains/XcodeDefault.xctoolchain/usr/bin/clang -v -E -dM -arch x86_64 -isysroot /Applications/Xcode.app/Contents/Developer/Platforms/iPhoneSimulator.platform/Developer/SDKs/iPhoneSimulator18.1.sdk -x objective-c++ -c /dev/null

ExecuteExternalTool /Applications/Xcode.app/Contents/Developer/Toolchains/XcodeDefault.xctoolchain/usr/bin/clang -v -E -dM -arch x86_64 -isysroot /Applications/Xcode.app/Contents/Developer/Platforms/iPhoneSimulator.platform/Developer/SDKs/iPhoneSimulator18.1.sdk -x c++ -c /dev/null

ExecuteExternalTool /Applications/Xcode.app/Contents/Developer/Toolchains/XcodeDefault.xctoolchain/usr/bin/clang -v -E -dM -arch arm64 -isysroot /Applications/Xcode.app/Contents/Developer/Platforms/iPhoneSimulator.platform/Developer/SDKs/iPhoneSimulator18.1.sdk -x c -c /dev/null

ExecuteExternalTool /Applications/Xcode.app/Contents/Developer/Toolchains/XcodeDefault.xctoolchain/usr/bin/clang -v -E -dM -arch x86_64 -isysroot /Applications/Xcode.app/Contents/Developer/Platforms/iPhoneSimulator.platform/Developer/SDKs/iPhoneSimulator18.1.sdk -x c -c /dev/null

Build description signature: 0c789ee5a3ad11b7a5a2aba8fbd6dc8d
Build description path: /Users/mbrock/2025/moppe/build-ios/build/XCBuildData/0c789ee5a3ad11b7a5a2aba8fbd6dc8d.xcbuilddata
warning: ONLY_ACTIVE_ARCH=YES requested with multiple ARCHS and no active architecture could be computed; building for all applicable architectures (in target 'ZERO_CHECK' from project 'moppe')
note: Run script build phase 'Generate CMakeFiles/ZERO_CHECK' will be run during every build because the option to run the script phase "Based on dependency analysis" is unchecked. (in target 'ZERO_CHECK' from project 'moppe')
PhaseScriptExecution Generate\ CMakeFiles/ZERO_CHECK /Users/mbrock/2025/moppe/build-ios/build/moppe.build/Release-iphonesimulator/ZERO_CHECK.build/Script-1891FE8C8F158129FA10200A.sh (in target 'ZERO_CHECK' from project 'moppe')
    cd /Users/mbrock/2025/moppe
    /bin/sh -c /Users/mbrock/2025/moppe/build-ios/build/moppe.build/Release-iphonesimulator/ZERO_CHECK.build/Script-1891FE8C8F158129FA10200A.sh
make: `/Users/mbrock/2025/moppe/build-ios/CMakeFiles/cmake.check_cache' is up to date.

ClangStatCache /Applications/Xcode.app/Contents/Developer/Toolchains/XcodeDefault.xctoolchain/usr/bin/clang-stat-cache /Applications/Xcode.app/Contents/Developer/Platforms/iPhoneSimulator.platform/Developer/SDKs/iPhoneSimulator18.1.sdk /var/folders/kw/06t6zlgj3m9gs565d_4rqtrh0000gn/C/com.apple.DeveloperTools/16.1-16B40/Xcode/SDKStatCaches.noindex/iphonesimulator18.1-22B74-3d93aac3a03ebac1dd8474c5def773dc.sdkstatcache
    cd /Users/mbrock/2025/moppe/build-ios/moppe.xcodeproj
    /Applications/Xcode.app/Contents/Developer/Toolchains/XcodeDefault.xctoolchain/usr/bin/clang-stat-cache /Applications/Xcode.app/Contents/Developer/Platforms/iPhoneSimulator.platform/Developer/SDKs/iPhoneSimulator18.1.sdk -o /var/folders/kw/06t6zlgj3m9gs565d_4rqtrh0000gn/C/com.apple.DeveloperTools/16.1-16B40/Xcode/SDKStatCaches.noindex/iphonesimulator18.1-22B74-3d93aac3a03ebac1dd8474c5def773dc.sdkstatcache

warning: ONLY_ACTIVE_ARCH=YES requested with multiple ARCHS and no active architecture could be computed; building for all applicable architectures (in target 'moppe_shaders' from project 'moppe')
note: Run script build phase 'Generate CMakeFiles/moppe_shaders' will be run during every build because the option to run the script phase "Based on dependency analysis" is unchecked. (in target 'moppe_shaders' from project 'moppe')
PhaseScriptExecution Generate\ CMakeFiles/moppe_shaders /Users/mbrock/2025/moppe/build-ios/build/moppe.build/Release-iphonesimulator/moppe_shaders.build/Script-D5DB5F4E751D81959514B480.sh (in target 'moppe_shaders' from project 'moppe')
    cd /Users/mbrock/2025/moppe
    /bin/sh -c /Users/mbrock/2025/moppe/build-ios/build/moppe.build/Release-iphonesimulator/moppe_shaders.build/Script-D5DB5F4E751D81959514B480.sh

warning: ONLY_ACTIVE_ARCH=YES requested with multiple ARCHS and no active architecture could be computed; building for all applicable architectures (in target 'moppe_platform_ios' from project 'moppe')
CompileC /Users/mbrock/2025/moppe/build-ios/build/moppe_platform_ios.build/Release-iphonesimulator/Objects-normal/arm64/main_ios.o /Users/mbrock/2025/moppe/moppe/platform/ios/main_ios.mm normal arm64 objective-c++ com.apple.compilers.llvm.clang.1_0.compiler (in target 'moppe_platform_ios' from project 'moppe')
    cd /Users/mbrock/2025/moppe
    
    Using response file: /Users/mbrock/2025/moppe/build-ios/build/moppe_platform_ios.build/Release-iphonesimulator/Objects-normal/arm64/af3fcb34312c57c0f52879cdce924b91-common-args.resp
    
    /Applications/Xcode.app/Contents/Developer/Toolchains/XcodeDefault.xctoolchain/usr/bin/clang -x objective-c++ -ivfsstatcache /var/folders/kw/06t6zlgj3m9gs565d_4rqtrh0000gn/C/com.apple.DeveloperTools/16.1-16B40/Xcode/SDKStatCaches.noindex/iphonesimulator18.1-22B74-3d93aac3a03ebac1dd8474c5def773dc.sdkstatcache -fmessage-length\=0 -fdiagnostics-show-note-include-stack -fmacro-backtrace-limit\=0 -fno-color-diagnostics -Wno-trigraphs -Wno-missing-field-initializers -Wno-missing-prototypes -Wno-return-type -Wno-implicit-atomic-properties -Wno-objc-interface-ivars -Wno-arc-repeated-use-of-weak -Wno-non-virtual-dtor -Wno-overloaded-virtual -Wno-exit-time-destructors -Wno-missing-braces -Wparentheses -Wswitch -Wno-unused-function -Wno-unused-label -Wno-unused-parameter -Wno-unused-variable -Wunused-value -Wno-empty-body -Wno-uninitialized -Wno-unknown-pragmas -Wno-shadow -Wno-four-char-constants -Wno-conversion -Wno-constant-conversion -Wno-int-conversion -Wno-bool-conversion -Wno-enum-conversion -Wno-float-conversion -Wno-non-literal-null-conversion -Wno-objc-literal-conversion -Wshorten-64-to-32 -Wno-newline-eof -Wno-selector -Wno-strict-selector-match -Wno-undeclared-selector -Wno-deprecated-implementations -Wno-c++11-extensions -Wno-implicit-fallthrough -fstrict-aliasing -Wprotocol -Wdeprecated-declarations -Winvalid-offsetof -Wno-sign-conversion -Wno-infinite-recursion -Wno-move -Wno-comma -Wno-block-capture-autoreleasing -Wno-strict-prototypes -Wno-range-loop-analysis -Wno-semicolon-before-method-body -Wall @/Users/mbrock/2025/moppe/build-ios/build/moppe_platform_ios.build/Release-iphonesimulator/Objects-normal/arm64/af3fcb34312c57c0f52879cdce924b91-common-args.resp -MMD -MT dependencies -MF /Users/mbrock/2025/moppe/build-ios/build/moppe_platform_ios.build/Release-iphonesimulator/Objects-normal/arm64/main_ios.d --serialize-diagnostics /Users/mbrock/2025/moppe/build-ios/build/moppe_platform_ios.build/Release-iphonesimulator/Objects-normal/arm64/main_ios.dia -c /Users/mbrock/2025/moppe/moppe/platform/ios/main_ios.mm -o /Users/mbrock/2025/moppe/build-ios/build/moppe_platform_ios.build/Release-iphonesimulator/Objects-normal/arm64/main_ios.o

CompileC /Users/mbrock/2025/moppe/build-ios/build/moppe_platform_ios.build/Release-iphonesimulator/Objects-normal/x86_64/main_ios.o /Users/mbrock/2025/moppe/moppe/platform/ios/main_ios.mm normal x86_64 objective-c++ com.apple.compilers.llvm.clang.1_0.compiler (in target 'moppe_platform_ios' from project 'moppe')
    cd /Users/mbrock/2025/moppe
    
    Using response file: /Users/mbrock/2025/moppe/build-ios/build/moppe_platform_ios.build/Release-iphonesimulator/Objects-normal/x86_64/af3fcb34312c57c0f52879cdce924b91-common-args.resp
    
    /Applications/Xcode.app/Contents/Developer/Toolchains/XcodeDefault.xctoolchain/usr/bin/clang -x objective-c++ -ivfsstatcache /var/folders/kw/06t6zlgj3m9gs565d_4rqtrh0000gn/C/com.apple.DeveloperTools/16.1-16B40/Xcode/SDKStatCaches.noindex/iphonesimulator18.1-22B74-3d93aac3a03ebac1dd8474c5def773dc.sdkstatcache -fmessage-length\=0 -fdiagnostics-show-note-include-stack -fmacro-backtrace-limit\=0 -fno-color-diagnostics -Wno-trigraphs -Wno-missing-field-initializers -Wno-missing-prototypes -Wno-return-type -Wno-implicit-atomic-properties -Wno-objc-interface-ivars -Wno-arc-repeated-use-of-weak -Wno-non-virtual-dtor -Wno-overloaded-virtual -Wno-exit-time-destructors -Wno-missing-braces -Wparentheses -Wswitch -Wno-unused-function -Wno-unused-label -Wno-unused-parameter -Wno-unused-variable -Wunused-value -Wno-empty-body -Wno-uninitialized -Wno-unknown-pragmas -Wno-shadow -Wno-four-char-constants -Wno-conversion -Wno-constant-conversion -Wno-int-conversion -Wno-bool-conversion -Wno-enum-conversion -Wno-float-conversion -Wno-non-literal-null-conversion -Wno-objc-literal-conversion -Wshorten-64-to-32 -Wno-newline-eof -Wno-selector -Wno-strict-selector-match -Wno-undeclared-selector -Wno-deprecated-implementations -Wno-c++11-extensions -Wno-implicit-fallthrough -fstrict-aliasing -Wprotocol -Wdeprecated-declarations -Winvalid-offsetof -Wno-sign-conversion -Wno-infinite-recursion -Wno-move -Wno-comma -Wno-block-capture-autoreleasing -Wno-strict-prototypes -Wno-range-loop-analysis -Wno-semicolon-before-method-body -Wall @/Users/mbrock/2025/moppe/build-ios/build/moppe_platform_ios.build/Release-iphonesimulator/Objects-normal/x86_64/af3fcb34312c57c0f52879cdce924b91-common-args.resp -MMD -MT dependencies -MF /Users/mbrock/2025/moppe/build-ios/build/moppe_platform_ios.build/Release-iphonesimulator/Objects-normal/x86_64/main_ios.d --serialize-diagnostics /Users/mbrock/2025/moppe/build-ios/build/moppe_platform_ios.build/Release-iphonesimulator/Objects-normal/x86_64/main_ios.dia -c /Users/mbrock/2025/moppe/moppe/platform/ios/main_ios.mm -o /Users/mbrock/2025/moppe/build-ios/build/moppe_platform_ios.build/Release-iphonesimulator/Objects-normal/x86_64/main_ios.o

Libtool /Users/mbrock/2025/moppe/build-ios/build/moppe_platform_ios.build/Release-iphonesimulator/Objects-normal/arm64/Binary/libmoppe_platform_ios.a normal arm64 (in target 'moppe_platform_ios' from project 'moppe')
    cd /Users/mbrock/2025/moppe
    /Applications/Xcode.app/Contents/Developer/Toolchains/XcodeDefault.xctoolchain/usr/bin/libtool -static -arch_only arm64 -D -syslibroot /Applications/Xcode.app/Contents/Developer/Platforms/iPhoneSimulator.platform/Developer/SDKs/iPhoneSimulator18.1.sdk -L/Users/mbrock/2025/moppe/build-ios/Release-iphonesimulator -filelist /Users/mbrock/2025/moppe/build-ios/build/moppe_platform_ios.build/Release-iphonesimulator/Objects-normal/arm64/moppe_platform_ios.LinkFileList -dependency_info /Users/mbrock/2025/moppe/build-ios/build/moppe_platform_ios.build/Release-iphonesimulator/Objects-normal/arm64/moppe_platform_ios_libtool_dependency_info.dat -o /Users/mbrock/2025/moppe/build-ios/build/moppe_platform_ios.build/Release-iphonesimulator/Objects-normal/arm64/Binary/libmoppe_platform_ios.a

Libtool /Users/mbrock/2025/moppe/build-ios/build/moppe_platform_ios.build/Release-iphonesimulator/Objects-normal/x86_64/Binary/libmoppe_platform_ios.a normal x86_64 (in target 'moppe_platform_ios' from project 'moppe')
    cd /Users/mbrock/2025/moppe
    /Applications/Xcode.app/Contents/Developer/Toolchains/XcodeDefault.xctoolchain/usr/bin/libtool -static -arch_only x86_64 -D -syslibroot /Applications/Xcode.app/Contents/Developer/Platforms/iPhoneSimulator.platform/Developer/SDKs/iPhoneSimulator18.1.sdk -L/Users/mbrock/2025/moppe/build-ios/Release-iphonesimulator -filelist /Users/mbrock/2025/moppe/build-ios/build/moppe_platform_ios.build/Release-iphonesimulator/Objects-normal/x86_64/moppe_platform_ios.LinkFileList -dependency_info /Users/mbrock/2025/moppe/build-ios/build/moppe_platform_ios.build/Release-iphonesimulator/Objects-normal/x86_64/moppe_platform_ios_libtool_dependency_info.dat -o /Users/mbrock/2025/moppe/build-ios/build/moppe_platform_ios.build/Release-iphonesimulator/Objects-normal/x86_64/Binary/libmoppe_platform_ios.a

CreateUniversalBinary /Users/mbrock/2025/moppe/build-ios/Release-iphonesimulator/libmoppe_platform_ios.a normal arm64\ x86_64 (in target 'moppe_platform_ios' from project 'moppe')
    cd /Users/mbrock/2025/moppe
    /Applications/Xcode.app/Contents/Developer/Toolchains/XcodeDefault.xctoolchain/usr/bin/lipo -create /Users/mbrock/2025/moppe/build-ios/build/moppe_platform_ios.build/Release-iphonesimulator/Objects-normal/arm64/Binary/libmoppe_platform_ios.a /Users/mbrock/2025/moppe/build-ios/build/moppe_platform_ios.build/Release-iphonesimulator/Objects-normal/x86_64/Binary/libmoppe_platform_ios.a -output /Users/mbrock/2025/moppe/build-ios/Release-iphonesimulator/libmoppe_platform_ios.a

warning: ONLY_ACTIVE_ARCH=YES requested with multiple ARCHS and no active architecture could be computed; building for all applicable architectures (in target 'moppe-ios' from project 'moppe')
note: Run script build phase 'CMake PostBuild Rules' will be run during every build because the option to run the script phase "Based on dependency analysis" is unchecked. (in target 'moppe-ios' from project 'moppe')
CompileC /Users/mbrock/2025/moppe/build-ios/build/moppe-ios.build/Release-iphonesimulator/Objects-normal/arm64/game.o /Users/mbrock/2025/moppe/moppe/game/game.cc normal arm64 c++ com.apple.compilers.llvm.clang.1_0.compiler (in target 'moppe-ios' from project 'moppe')
    cd /Users/mbrock/2025/moppe
    
    Using response file: /Users/mbrock/2025/moppe/build-ios/build/moppe-ios.build/Release-iphonesimulator/Objects-normal/arm64/82b82416624d2658e5098eb0a28c15c5-common-args.resp
    
    /Applications/Xcode.app/Contents/Developer/Toolchains/XcodeDefault.xctoolchain/usr/bin/clang -x c++ -ivfsstatcache /var/folders/kw/06t6zlgj3m9gs565d_4rqtrh0000gn/C/com.apple.DeveloperTools/16.1-16B40/Xcode/SDKStatCaches.noindex/iphonesimulator18.1-22B74-3d93aac3a03ebac1dd8474c5def773dc.sdkstatcache -fmessage-length\=0 -fdiagnostics-show-note-include-stack -fmacro-backtrace-limit\=0 -fno-color-diagnostics -Wno-trigraphs -Wno-missing-field-initializers -Wno-missing-prototypes -Wno-return-type -Wno-non-virtual-dtor -Wno-overloaded-virtual -Wno-exit-time-destructors -Wno-missing-braces -Wparentheses -Wswitch -Wno-unused-function -Wno-unused-label -Wno-unused-parameter -Wno-unused-variable -Wunused-value -Wno-empty-body -Wno-uninitialized -Wno-unknown-pragmas -Wno-shadow -Wno-four-char-constants -Wno-conversion -Wno-constant-conversion -Wno-int-conversion -Wno-bool-conversion -Wno-enum-conversion -Wno-float-conversion -Wno-non-literal-null-conversion -Wno-objc-literal-conversion -Wshorten-64-to-32 -Wno-newline-eof -Wno-c++11-extensions -Wno-implicit-fallthrough -fstrict-aliasing -Wdeprecated-declarations -Winvalid-offsetof -Wno-sign-conversion -Wno-infinite-recursion -Wno-move -Wno-comma -Wno-block-capture-autoreleasing -Wno-strict-prototypes -Wno-range-loop-analysis -Wno-semicolon-before-method-body -Wall @/Users/mbrock/2025/moppe/build-ios/build/moppe-ios.build/Release-iphonesimulator/Objects-normal/arm64/82b82416624d2658e5098eb0a28c15c5-common-args.resp -MMD -MT dependencies -MF /Users/mbrock/2025/moppe/build-ios/build/moppe-ios.build/Release-iphonesimulator/Objects-normal/arm64/game.d --serialize-diagnostics /Users/mbrock/2025/moppe/build-ios/build/moppe-ios.build/Release-iphonesimulator/Objects-normal/arm64/game.dia -c /Users/mbrock/2025/moppe/moppe/game/game.cc -o /Users/mbrock/2025/moppe/build-ios/build/moppe-ios.build/Release-iphonesimulator/Objects-normal/arm64/game.o

Ld /Users/mbrock/2025/moppe/build-ios/build/moppe-ios.build/Release-iphonesimulator/Objects-normal/arm64/Binary/Moppe normal arm64 (in target 'moppe-ios' from project 'moppe')
    cd /Users/mbrock/2025/moppe
    /Applications/Xcode.app/Contents/Developer/Toolchains/XcodeDefault.xctoolchain/usr/bin/clang++ -Xlinker -reproducible -target arm64-apple-ios15.0-simulator -isysroot /Applications/Xcode.app/Contents/Developer/Platforms/iPhoneSimulator.platform/Developer/SDKs/iPhoneSimulator18.1.sdk -O3 -L/Users/mbrock/2025/moppe/build-ios/build/EagerLinkingTBDs/Release-iphonesimulator -L/Users/mbrock/2025/moppe/build-ios/Release-iphonesimulator -F/Users/mbrock/2025/moppe/build-ios/build/EagerLinkingTBDs/Release-iphonesimulator -F/Users/mbrock/2025/moppe/build-ios/Release-iphonesimulator -filelist /Users/mbrock/2025/moppe/build-ios/build/moppe-ios.build/Release-iphonesimulator/Objects-normal/arm64/Moppe.LinkFileList -dead_strip -Xlinker -objc_abi_version -Xlinker 2 -Wl,-headerpad_max_install_names /Users/mbrock/2025/moppe/build-ios/Release-iphonesimulator/libmoppe_game.a /Users/mbrock/2025/moppe/build-ios/Release-iphonesimulator/libmoppe_platform_ios.a /Users/mbrock/2025/moppe/build-ios/Release-iphonesimulator/libmoppe_metal.a /Users/mbrock/2025/moppe/build-ios/Release-iphonesimulator/libmoppe_render.a -framework Metal -framework MetalKit -framework QuartzCore /Users/mbrock/2025/moppe/build-ios/Release-iphonesimulator/libmoppe_apple.a -framework Foundation -framework CoreText -framework CoreGraphics -framework AVFoundation -framework UIKit -Xlinker -dependency_info -Xlinker /Users/mbrock/2025/moppe/build-ios/build/moppe-ios.build/Release-iphonesimulator/Objects-normal/arm64/Moppe_dependency_info.dat -o /Users/mbrock/2025/moppe/build-ios/build/moppe-ios.build/Release-iphonesimulator/Objects-normal/arm64/Binary/Moppe

CompileC /Users/mbrock/2025/moppe/build-ios/build/moppe-ios.build/Release-iphonesimulator/Objects-normal/x86_64/game.o /Users/mbrock/2025/moppe/moppe/game/game.cc normal x86_64 c++ com.apple.compilers.llvm.clang.1_0.compiler (in target 'moppe-ios' from project 'moppe')
    cd /Users/mbrock/2025/moppe
    
    Using response file: /Users/mbrock/2025/moppe/build-ios/build/moppe-ios.build/Release-iphonesimulator/Objects-normal/x86_64/82b82416624d2658e5098eb0a28c15c5-common-args.resp
    
    /Applications/Xcode.app/Contents/Developer/Toolchains/XcodeDefault.xctoolchain/usr/bin/clang -x c++ -ivfsstatcache /var/folders/kw/06t6zlgj3m9gs565d_4rqtrh0000gn/C/com.apple.DeveloperTools/16.1-16B40/Xcode/SDKStatCaches.noindex/iphonesimulator18.1-22B74-3d93aac3a03ebac1dd8474c5def773dc.sdkstatcache -fmessage-length\=0 -fdiagnostics-show-note-include-stack -fmacro-backtrace-limit\=0 -fno-color-diagnostics -Wno-trigraphs -Wno-missing-field-initializers -Wno-missing-prototypes -Wno-return-type -Wno-non-virtual-dtor -Wno-overloaded-virtual -Wno-exit-time-destructors -Wno-missing-braces -Wparentheses -Wswitch -Wno-unused-function -Wno-unused-label -Wno-unused-parameter -Wno-unused-variable -Wunused-value -Wno-empty-body -Wno-uninitialized -Wno-unknown-pragmas -Wno-shadow -Wno-four-char-constants -Wno-conversion -Wno-constant-conversion -Wno-int-conversion -Wno-bool-conversion -Wno-enum-conversion -Wno-float-conversion -Wno-non-literal-null-conversion -Wno-objc-literal-conversion -Wshorten-64-to-32 -Wno-newline-eof -Wno-c++11-extensions -Wno-implicit-fallthrough -fstrict-aliasing -Wdeprecated-declarations -Winvalid-offsetof -Wno-sign-conversion -Wno-infinite-recursion -Wno-move -Wno-comma -Wno-block-capture-autoreleasing -Wno-strict-prototypes -Wno-range-loop-analysis -Wno-semicolon-before-method-body -Wall @/Users/mbrock/2025/moppe/build-ios/build/moppe-ios.build/Release-iphonesimulator/Objects-normal/x86_64/82b82416624d2658e5098eb0a28c15c5-common-args.resp -MMD -MT dependencies -MF /Users/mbrock/2025/moppe/build-ios/build/moppe-ios.build/Release-iphonesimulator/Objects-normal/x86_64/game.d --serialize-diagnostics /Users/mbrock/2025/moppe/build-ios/build/moppe-ios.build/Release-iphonesimulator/Objects-normal/x86_64/game.dia -c /Users/mbrock/2025/moppe/moppe/game/game.cc -o /Users/mbrock/2025/moppe/build-ios/build/moppe-ios.build/Release-iphonesimulator/Objects-normal/x86_64/game.o

Ld /Users/mbrock/2025/moppe/build-ios/build/moppe-ios.build/Release-iphonesimulator/Objects-normal/x86_64/Binary/Moppe normal x86_64 (in target 'moppe-ios' from project 'moppe')
    cd /Users/mbrock/2025/moppe
    /Applications/Xcode.app/Contents/Developer/Toolchains/XcodeDefault.xctoolchain/usr/bin/clang++ -Xlinker -reproducible -target x86_64-apple-ios15.0-simulator -isysroot /Applications/Xcode.app/Contents/Developer/Platforms/iPhoneSimulator.platform/Developer/SDKs/iPhoneSimulator18.1.sdk -O3 -L/Users/mbrock/2025/moppe/build-ios/build/EagerLinkingTBDs/Release-iphonesimulator -L/Users/mbrock/2025/moppe/build-ios/Release-iphonesimulator -F/Users/mbrock/2025/moppe/build-ios/build/EagerLinkingTBDs/Release-iphonesimulator -F/Users/mbrock/2025/moppe/build-ios/Release-iphonesimulator -filelist /Users/mbrock/2025/moppe/build-ios/build/moppe-ios.build/Release-iphonesimulator/Objects-normal/x86_64/Moppe.LinkFileList -dead_strip -Xlinker -objc_abi_version -Xlinker 2 -Wl,-headerpad_max_install_names /Users/mbrock/2025/moppe/build-ios/Release-iphonesimulator/libmoppe_game.a /Users/mbrock/2025/moppe/build-ios/Release-iphonesimulator/libmoppe_platform_ios.a /Users/mbrock/2025/moppe/build-ios/Release-iphonesimulator/libmoppe_metal.a /Users/mbrock/2025/moppe/build-ios/Release-iphonesimulator/libmoppe_render.a -framework Metal -framework MetalKit -framework QuartzCore /Users/mbrock/2025/moppe/build-ios/Release-iphonesimulator/libmoppe_apple.a -framework Foundation -framework CoreText -framework CoreGraphics -framework AVFoundation -framework UIKit -Xlinker -dependency_info -Xlinker /Users/mbrock/2025/moppe/build-ios/build/moppe-ios.build/Release-iphonesimulator/Objects-normal/x86_64/Moppe_dependency_info.dat -o /Users/mbrock/2025/moppe/build-ios/build/moppe-ios.build/Release-iphonesimulator/Objects-normal/x86_64/Binary/Moppe

CreateUniversalBinary /Users/mbrock/2025/moppe/build-ios/Release-iphonesimulator/Moppe.app/Moppe normal arm64\ x86_64 (in target 'moppe-ios' from project 'moppe')
    cd /Users/mbrock/2025/moppe
    /Applications/Xcode.app/Contents/Developer/Toolchains/XcodeDefault.xctoolchain/usr/bin/lipo -create /Users/mbrock/2025/moppe/build-ios/build/moppe-ios.build/Release-iphonesimulator/Objects-normal/arm64/Binary/Moppe /Users/mbrock/2025/moppe/build-ios/build/moppe-ios.build/Release-iphonesimulator/Objects-normal/x86_64/Binary/Moppe -output /Users/mbrock/2025/moppe/build-ios/Release-iphonesimulator/Moppe.app/Moppe

ProcessInfoPlistFile /Users/mbrock/2025/moppe/build-ios/Release-iphonesimulator/Moppe.app/Info.plist /Users/mbrock/2025/moppe/build-ios/CMakeFiles/moppe-ios.dir/Info.plist (in target 'moppe-ios' from project 'moppe')
    cd /Users/mbrock/2025/moppe
    builtin-infoPlistUtility /Users/mbrock/2025/moppe/build-ios/CMakeFiles/moppe-ios.dir/Info.plist -producttype com.apple.product-type.application -genpkginfo /Users/mbrock/2025/moppe/build-ios/Release-iphonesimulator/Moppe.app/PkgInfo -expandbuildsettings -format binary -platform iphonesimulator -o /Users/mbrock/2025/moppe/build-ios/Release-iphonesimulator/Moppe.app/Info.plist

PhaseScriptExecution CMake\ PostBuild\ Rules /Users/mbrock/2025/moppe/build-ios/build/moppe-ios.build/Release-iphonesimulator/Script-EECE344D8D7CD0F6307BA15D.sh (in target 'moppe-ios' from project 'moppe')
    cd /Users/mbrock/2025/moppe
    /bin/sh -c /Users/mbrock/2025/moppe/build-ios/build/moppe-ios.build/Release-iphonesimulator/Script-EECE344D8D7CD0F6307BA15D.sh

warning: ONLY_ACTIVE_ARCH=YES requested with multiple ARCHS and no active architecture could be computed; building for all applicable architectures (in target 'moppe_render' from project 'moppe')
warning: ONLY_ACTIVE_ARCH=YES requested with multiple ARCHS and no active architecture could be computed; building for all applicable architectures (in target 'moppe_game' from project 'moppe')
warning: ONLY_ACTIVE_ARCH=YES requested with multiple ARCHS and no active architecture could be computed; building for all applicable architectures (in target 'moppe_apple' from project 'moppe')
warning: ONLY_ACTIVE_ARCH=YES requested with multiple ARCHS and no active architecture could be computed; building for all applicable architectures (in target 'moppe_metal' from project 'moppe')
** BUILD SUCCEEDED **

